2023-04-17T22:01:46.521+09:00  INFO 12508 --- [main] com.practice.jpa.JpaApplication          : Starting JpaApplication using Java 17.0.6 with PID 12508 (C:\Users\gyuhwan\Desktop\TDD\TDD\3. Jpa\out\production\classes started by gyuhwan in C:\Users\gyuhwan\Desktop\TDD\TDD\3. Jpa)
2023-04-17T22:01:46.528+09:00  INFO 12508 --- [main] com.practice.jpa.JpaApplication          : No active profile set, falling back to 1 default profile: "default"
2023-04-17T22:01:47.040+09:00  INFO 12508 --- [main] .s.d.r.c.RepositoryConfigurationDelegate : Bootstrapping Spring Data JPA repositories in DEFAULT mode.
2023-04-17T22:01:47.084+09:00  INFO 12508 --- [main] .s.d.r.c.RepositoryConfigurationDelegate : Finished Spring Data repository scanning in 37 ms. Found 1 JPA repository interfaces.
2023-04-17T22:01:47.460+09:00  INFO 12508 --- [main] o.s.b.w.embedded.tomcat.TomcatWebServer  : Tomcat initialized with port(s): 33333 (http)
2023-04-17T22:01:47.467+09:00  INFO 12508 --- [main] o.apache.catalina.core.StandardService   : Starting service [Tomcat]
2023-04-17T22:01:47.468+09:00  INFO 12508 --- [main] o.apache.catalina.core.StandardEngine    : Starting Servlet engine: [Apache Tomcat/10.1.5]
2023-04-17T22:01:47.547+09:00  INFO 12508 --- [main] o.a.c.c.C.[Tomcat].[localhost].[/]       : Initializing Spring embedded WebApplicationContext
2023-04-17T22:01:47.547+09:00  INFO 12508 --- [main] w.s.c.ServletWebServerApplicationContext : Root WebApplicationContext: initialization completed in 981 ms
2023-04-17T22:01:47.661+09:00  INFO 12508 --- [main] o.hibernate.jpa.internal.util.LogHelper  : HHH000204: Processing PersistenceUnitInfo [name: default]
2023-04-17T22:01:47.697+09:00  INFO 12508 --- [main] org.hibernate.Version                    : HHH000412: Hibernate ORM core version 6.1.6.Final
2023-04-17T22:01:47.813+09:00  WARN 12508 --- [main] org.hibernate.orm.deprecation            : HHH90000021: Encountered deprecated setting [javax.persistence.sharedCache.mode], use [jakarta.persistence.sharedCache.mode] instead
2023-04-17T22:01:47.909+09:00  INFO 12508 --- [main] com.zaxxer.hikari.HikariDataSource       : HikariPool-1 - Starting...
2023-04-17T22:01:48.205+09:00  INFO 12508 --- [main] com.zaxxer.hikari.pool.HikariPool        : HikariPool-1 - Added connection com.mysql.cj.jdbc.ConnectionImpl@41a16eb3
2023-04-17T22:01:48.208+09:00  INFO 12508 --- [main] com.zaxxer.hikari.HikariDataSource       : HikariPool-1 - Start completed.
2023-04-17T22:01:48.220+09:00  INFO 12508 --- [main] SQL dialect                              : HHH000400: Using dialect: org.hibernate.dialect.MySQL57Dialect
2023-04-17T22:01:48.221+09:00  WARN 12508 --- [main] org.hibernate.orm.deprecation            : HHH90000026: MySQL57Dialect has been deprecated; use org.hibernate.dialect.MySQLDialect instead
2023-04-17T22:01:48.865+09:00  INFO 12508 --- [main] o.h.e.t.j.p.i.JtaPlatformInitiator       : HHH000490: Using JtaPlatform implementation: [org.hibernate.engine.transaction.jta.platform.internal.NoJtaPlatform]
2023-04-17T22:01:48.873+09:00  INFO 12508 --- [main] j.LocalContainerEntityManagerFactoryBean : Initialized JPA EntityManagerFactory for persistence unit 'default'
2023-04-17T22:01:49.088+09:00  WARN 12508 --- [main] JpaBaseConfiguration$JpaWebConfiguration : spring.jpa.open-in-view is enabled by default. Therefore, database queries may be performed during view rendering. Explicitly configure spring.jpa.open-in-view to disable this warning
2023-04-17T22:01:49.174+09:00 DEBUG 12508 --- [main] s.w.s.m.m.a.RequestMappingHandlerAdapter : ControllerAdvice beans: 0 @ModelAttribute, 0 @InitBinder, 1 RequestBodyAdvice, 1 ResponseBodyAdvice
2023-04-17T22:01:49.227+09:00 DEBUG 12508 --- [main] s.w.s.m.m.a.RequestMappingHandlerMapping : 4 mappings in 'requestMappingHandlerMapping'
2023-04-17T22:01:49.242+09:00 DEBUG 12508 --- [main] o.s.w.s.handler.SimpleUrlHandlerMapping  : Patterns [/webjars/**, /**] in 'resourceHandlerMapping'
2023-04-17T22:01:49.250+09:00 DEBUG 12508 --- [main] .m.m.a.ExceptionHandlerExceptionResolver : ControllerAdvice beans: 0 @ExceptionHandler, 1 ResponseBodyAdvice
2023-04-17T22:01:49.341+09:00  INFO 12508 --- [main] o.s.b.w.embedded.tomcat.TomcatWebServer  : Tomcat started on port(s): 33333 (http) with context path ''
2023-04-17T22:01:49.347+09:00  INFO 12508 --- [main] com.practice.jpa.JpaApplication          : Started JpaApplication in 3.231 seconds (process running for 3.975)
2023-04-17T22:01:52.364+09:00  INFO 12508 --- [SpringApplicationShutdownHook] j.LocalContainerEntityManagerFactoryBean : Closing JPA EntityManagerFactory for persistence unit 'default'
2023-04-17T22:01:52.365+09:00  INFO 12508 --- [SpringApplicationShutdownHook] com.zaxxer.hikari.HikariDataSource       : HikariPool-1 - Shutdown initiated...
2023-04-17T22:01:52.372+09:00  INFO 12508 --- [SpringApplicationShutdownHook] com.zaxxer.hikari.HikariDataSource       : HikariPool-1 - Shutdown completed.
